2018-11-19 02:49:52.605  INFO 5140 --- [           main] c.i.m.MonitorServiceApplication          : Starting MonitorServiceApplication on sbandyo2 with PID 5140 (C:\Santanu\IBMCloudProjects\AribaMiddleWare\monitor-service\target\classes started by ibm in C:\Santanu\IBMCloudProjects\AribaMiddleWare\monitor-service)
2018-11-19 02:49:52.621  INFO 5140 --- [           main] c.i.m.MonitorServiceApplication          : The following profiles are active: secure
2018-11-19 02:49:52.761  INFO 5140 --- [           main] ConfigServletWebServerApplicationContext : Refreshing org.springframework.boot.web.servlet.context.AnnotationConfigServletWebServerApplicationContext@b137d47: startup date [Mon Nov 19 02:49:52 IST 2018]; root of context hierarchy
2018-11-19 02:49:57.597  INFO 5140 --- [           main] o.s.b.w.embedded.tomcat.TomcatWebServer  : Tomcat initialized with port(s): 9142 (http)
2018-11-19 02:49:57.628  INFO 5140 --- [           main] o.apache.catalina.core.StandardService   : Starting service [Tomcat]
2018-11-19 02:49:57.644  INFO 5140 --- [           main] org.apache.catalina.core.StandardEngine  : Starting Servlet Engine: Apache Tomcat/8.5.34
2018-11-19 02:49:57.660  INFO 5140 --- [ost-startStop-1] o.a.catalina.core.AprLifecycleListener   : The APR based Apache Tomcat Native library which allows optimal performance in production environments was not found on the java.library.path: [C:\Santanu\IBMInstallationOther\IBM\SDP\jdk\jre\bin\compressedrefs;C:\Santanu\IBMInstallationOther\IBM\SDP\jdk\jre\bin;C:\windows\system32;C:\windows;C:\ProgramData\Anaconda3;C:\ProgramData\Anaconda3\Library\mingw-w64\bin;C:\ProgramData\Anaconda3\Library\usr\bin;C:\ProgramData\Anaconda3\Library\bin;C:\ProgramData\Anaconda3\Scripts;C:\ProgramData\Oracle\Java\javapath;C:\windows\system32;C:\windows;C:\windows\System32\Wbem;C:\windows\System32\WindowsPowerShell\v1.0\;C:\Program Files (x86)\IBM\Personal Communications\;C:\Program Files (x86)\IBM\Trace Facility\;C:\Program Files (x86)\IBM\Mobility Client\;C:\Cygwin\bin;C:\Santanu\HadoopDevolopmentKit\jdk1.8.0_111\bin;C:\Program Files\PuTTY\;C:\Program Files\Microsoft VS Code\bin;C:\Program Files\IBM\Cloud\bin;%JAVA_HOM%\bin;C:\ProgramData\chocolatey\bin;C:\Santanu\Git\cmd;C:\Santanu\IBMInstallation\NodeJS;C:\Program Files\IBM\node;.]
2018-11-19 02:49:57.878  INFO 5140 --- [ost-startStop-1] o.a.c.c.C.[Tomcat].[localhost].[/]       : Initializing Spring embedded WebApplicationContext
2018-11-19 02:49:57.878  INFO 5140 --- [ost-startStop-1] o.s.web.context.ContextLoader            : Root WebApplicationContext: initialization completed in 5117 ms
2018-11-19 02:49:58.081  WARN 5140 --- [ost-startStop-1] i.m.c.i.binder.jvm.JvmGcMetrics          : GC notifications will not be available because com.sun.management.GarbageCollectionNotificationInfo is not present
2018-11-19 02:49:59.188  INFO 5140 --- [ost-startStop-1] o.s.b.w.servlet.FilterRegistrationBean   : Mapping filter: 'characterEncodingFilter' to: [/*]
2018-11-19 02:49:59.188  INFO 5140 --- [ost-startStop-1] o.s.b.w.servlet.FilterRegistrationBean   : Mapping filter: 'webMvcMetricsFilter' to: [/*]
2018-11-19 02:49:59.188  INFO 5140 --- [ost-startStop-1] o.s.b.w.servlet.FilterRegistrationBean   : Mapping filter: 'hiddenHttpMethodFilter' to: [/*]
2018-11-19 02:49:59.188  INFO 5140 --- [ost-startStop-1] o.s.b.w.servlet.FilterRegistrationBean   : Mapping filter: 'httpPutFormContentFilter' to: [/*]
2018-11-19 02:49:59.188  INFO 5140 --- [ost-startStop-1] o.s.b.w.servlet.FilterRegistrationBean   : Mapping filter: 'requestContextFilter' to: [/*]
2018-11-19 02:49:59.188  INFO 5140 --- [ost-startStop-1] .s.DelegatingFilterProxyRegistrationBean : Mapping filter: 'springSecurityFilterChain' to: [/*]
2018-11-19 02:49:59.188  INFO 5140 --- [ost-startStop-1] o.s.b.w.servlet.FilterRegistrationBean   : Mapping filter: 'httpTraceFilter' to: [/*]
2018-11-19 02:49:59.188  INFO 5140 --- [ost-startStop-1] o.s.b.w.servlet.ServletRegistrationBean  : Servlet dispatcherServlet mapped to [/]
2018-11-19 02:49:59.719  INFO 5140 --- [           main] o.s.w.s.handler.SimpleUrlHandlerMapping  : Mapped URL path [/**/favicon.ico] onto handler of type [class org.springframework.web.servlet.resource.ResourceHttpRequestHandler]
2018-11-19 02:49:59.953  INFO 5140 --- [           main] o.s.s.concurrent.ThreadPoolTaskExecutor  : Initializing ExecutorService 'webMvcAsyncTaskExecutor'
2018-11-19 02:49:59.984  INFO 5140 --- [           main] s.w.s.m.m.a.RequestMappingHandlerAdapter : Looking for @ControllerAdvice: org.springframework.boot.web.servlet.context.AnnotationConfigServletWebServerApplicationContext@b137d47: startup date [Mon Nov 19 02:49:52 IST 2018]; root of context hierarchy
2018-11-19 02:50:00.093  INFO 5140 --- [           main] s.w.s.m.m.a.RequestMappingHandlerMapping : Mapped "{[/error],produces=[text/html]}" onto public org.springframework.web.servlet.ModelAndView org.springframework.boot.autoconfigure.web.servlet.error.BasicErrorController.errorHtml(javax.servlet.http.HttpServletRequest,javax.servlet.http.HttpServletResponse)
2018-11-19 02:50:00.093  INFO 5140 --- [           main] s.w.s.m.m.a.RequestMappingHandlerMapping : Mapped "{[/error]}" onto public org.springframework.http.ResponseEntity<java.util.Map<java.lang.String, java.lang.Object>> org.springframework.boot.autoconfigure.web.servlet.error.BasicErrorController.error(javax.servlet.http.HttpServletRequest)
2018-11-19 02:50:00.140  INFO 5140 --- [           main] o.s.w.s.handler.SimpleUrlHandlerMapping  : Mapped URL path [/webjars/**] onto handler of type [class org.springframework.web.servlet.resource.ResourceHttpRequestHandler]
2018-11-19 02:50:00.156  INFO 5140 --- [           main] o.s.w.s.handler.SimpleUrlHandlerMapping  : Mapped URL path [/**] onto handler of type [class org.springframework.web.servlet.resource.ResourceHttpRequestHandler]
2018-11-19 02:50:00.265  WARN 5140 --- [           main] ion$DefaultTemplateResolverConfiguration : Cannot find template location: classpath:/templates/ (please add some templates or check your Thymeleaf configuration)
2018-11-19 02:50:00.748  INFO 5140 --- [           main] o.s.s.c.ThreadPoolTaskScheduler          : Initializing ExecutorService
2018-11-19 02:50:01.591  WARN 5140 --- [           main] reactor.ipc.netty.tcp.TcpResources       : [http] resources will use the default LoopResources: DefaultLoopResources {prefix=reactor-http, daemon=true, selectCount=4, workerCount=4}
2018-11-19 02:50:01.591  WARN 5140 --- [           main] reactor.ipc.netty.tcp.TcpResources       : [http] resources will use the default PoolResources: DefaultPoolResources {name=http, provider=reactor.ipc.netty.resources.PoolResources$$Lambda$530/0000000013E898B0@22d037b1}
2018-11-19 02:50:01.778  INFO 5140 --- [           main] .b.a.s.w.s.AdminControllerHandlerMapping : Mapped "{[/instances/{instanceId}/actuator/**],methods=[GET || HEAD || POST || PUT || PATCH || DELETE || OPTIONS]}" onto public reactor.core.publisher.Mono<java.lang.Void> de.codecentric.boot.admin.server.web.servlet.InstancesProxyController.endpointProxy(java.lang.String,javax.servlet.http.HttpServletRequest,javax.servlet.http.HttpServletResponse) throws java.io.IOException
2018-11-19 02:50:01.809  INFO 5140 --- [           main] .b.a.s.w.s.AdminControllerHandlerMapping : Mapped "{[/instances],methods=[POST],consumes=[application/json]}" onto public reactor.core.publisher.Mono<org.springframework.http.ResponseEntity<java.util.Map<java.lang.String, de.codecentric.boot.admin.server.domain.values.InstanceId>>> de.codecentric.boot.admin.server.web.InstancesController.register(de.codecentric.boot.admin.server.domain.values.Registration,org.springframework.web.util.UriComponentsBuilder)
2018-11-19 02:50:01.809  INFO 5140 --- [           main] .b.a.s.w.s.AdminControllerHandlerMapping : Mapped "{[/instances],methods=[GET],produces=[application/json]}" onto public reactor.core.publisher.Flux<de.codecentric.boot.admin.server.domain.entities.Instance> de.codecentric.boot.admin.server.web.InstancesController.instances(java.lang.String)
2018-11-19 02:50:01.809  INFO 5140 --- [           main] .b.a.s.w.s.AdminControllerHandlerMapping : Mapped "{[/instances/{id}],methods=[GET],produces=[application/json]}" onto public reactor.core.publisher.Mono<org.springframework.http.ResponseEntity<de.codecentric.boot.admin.server.domain.entities.Instance>> de.codecentric.boot.admin.server.web.InstancesController.instance(java.lang.String)
2018-11-19 02:50:01.809  INFO 5140 --- [           main] .b.a.s.w.s.AdminControllerHandlerMapping : Mapped "{[/instances/{id}],methods=[DELETE]}" onto public reactor.core.publisher.Mono<org.springframework.http.ResponseEntity<java.lang.Void>> de.codecentric.boot.admin.server.web.InstancesController.unregister(java.lang.String)
2018-11-19 02:50:01.809  INFO 5140 --- [           main] .b.a.s.w.s.AdminControllerHandlerMapping : Mapped "{[/instances/events],methods=[GET],produces=[application/json]}" onto public reactor.core.publisher.Flux<de.codecentric.boot.admin.server.domain.events.InstanceEvent> de.codecentric.boot.admin.server.web.InstancesController.events()
2018-11-19 02:50:01.809  INFO 5140 --- [           main] .b.a.s.w.s.AdminControllerHandlerMapping : Mapped "{[/instances/events],methods=[GET],produces=[text/event-stream]}" onto public reactor.core.publisher.Flux<org.springframework.http.codec.ServerSentEvent<de.codecentric.boot.admin.server.domain.events.InstanceEvent>> de.codecentric.boot.admin.server.web.InstancesController.eventStream()
2018-11-19 02:50:01.809  INFO 5140 --- [           main] .b.a.s.w.s.AdminControllerHandlerMapping : Mapped "{[/instances/{id}],methods=[GET],produces=[text/event-stream]}" onto public reactor.core.publisher.Flux<org.springframework.http.codec.ServerSentEvent<de.codecentric.boot.admin.server.domain.entities.Instance>> de.codecentric.boot.admin.server.web.InstancesController.instanceStream(java.lang.String)
2018-11-19 02:50:01.809  INFO 5140 --- [           main] .b.a.s.w.s.AdminControllerHandlerMapping : Mapped "{[/applications],methods=[GET],produces=[application/json]}" onto public reactor.core.publisher.Flux<de.codecentric.boot.admin.server.web.ApplicationsController$Application> de.codecentric.boot.admin.server.web.ApplicationsController.applications()
2018-11-19 02:50:01.809  INFO 5140 --- [           main] .b.a.s.w.s.AdminControllerHandlerMapping : Mapped "{[/applications/{name}],methods=[GET],produces=[application/json]}" onto public reactor.core.publisher.Mono<org.springframework.http.ResponseEntity<de.codecentric.boot.admin.server.web.ApplicationsController$Application>> de.codecentric.boot.admin.server.web.ApplicationsController.application(java.lang.String)
2018-11-19 02:50:01.825  INFO 5140 --- [           main] .b.a.s.w.s.AdminControllerHandlerMapping : Mapped "{[/applications],methods=[GET],produces=[text/event-stream]}" onto public reactor.core.publisher.Flux<org.springframework.http.codec.ServerSentEvent<de.codecentric.boot.admin.server.web.ApplicationsController$Application>> de.codecentric.boot.admin.server.web.ApplicationsController.applicationsStream()
2018-11-19 02:50:01.825  INFO 5140 --- [           main] .b.a.s.w.s.AdminControllerHandlerMapping : Mapped "{[/applications/{name}],methods=[DELETE]}" onto public reactor.core.publisher.Mono<org.springframework.http.ResponseEntity<java.lang.Void>> de.codecentric.boot.admin.server.web.ApplicationsController.unregister(java.lang.String)
2018-11-19 02:50:01.825  INFO 5140 --- [           main] .b.a.s.w.s.AdminControllerHandlerMapping : Mapped "{[/],methods=[GET],produces=[text/html]}" onto public java.lang.String de.codecentric.boot.admin.server.ui.web.UiController.index()
2018-11-19 02:50:01.825  INFO 5140 --- [           main] .b.a.s.w.s.AdminControllerHandlerMapping : Mapped "{[/login],methods=[GET],produces=[text/html]}" onto public java.lang.String de.codecentric.boot.admin.server.ui.web.UiController.login()
2018-11-19 02:50:01.950  INFO 5140 --- [           main] b.a.s.u.c.AdminServerUiAutoConfiguration : Loaded Spring Boot Admin UI Extension: UiExtension(resourcePath=custom/css/custom.684076aa.css, resourceLocation=classpath:/META-INF/spring-boot-admin-server-ui/extensions/custom/css/custom.684076aa.css)
2018-11-19 02:50:01.950  INFO 5140 --- [           main] b.a.s.u.c.AdminServerUiAutoConfiguration : Loaded Spring Boot Admin UI Extension: UiExtension(resourcePath=custom/js/custom.611246fe.js, resourceLocation=classpath:/META-INF/spring-boot-admin-server-ui/extensions/custom/js/custom.611246fe.js)
2018-11-19 02:50:02.262  WARN 5140 --- [           main] ConfigServletWebServerApplicationContext : Exception encountered during context initialization - cancelling refresh attempt: org.springframework.beans.factory.BeanCreationException: Error creating bean with name 'org.springframework.security.config.annotation.web.configuration.WebSecurityConfiguration': Injection of autowired dependencies failed; nested exception is java.lang.IllegalStateException: @Order on WebSecurityConfigurers must be unique. Order of 100 was already used on com.ibm.monitorservice.SecurityCredentialsConfig$SecuritySecureConfig$$EnhancerBySpringCGLIB$$8d39721@8527113a, so it cannot be used on com.ibm.monitorservice.SecurityCredentialsConfig$$EnhancerBySpringCGLIB$$486d8d28@22d0ac6 too.
2018-11-19 02:50:02.262  INFO 5140 --- [           main] o.s.j.e.a.AnnotationMBeanExporter        : Unregistering JMX-exposed beans on shutdown
2018-11-19 02:50:02.277  INFO 5140 --- [           main] o.s.s.c.ThreadPoolTaskScheduler          : Shutting down ExecutorService
2018-11-19 02:50:02.277  INFO 5140 --- [           main] o.s.s.concurrent.ThreadPoolTaskExecutor  : Shutting down ExecutorService 'webMvcAsyncTaskExecutor'
2018-11-19 02:50:02.293  INFO 5140 --- [           main] o.apache.catalina.core.StandardService   : Stopping service [Tomcat]
2018-11-19 02:50:02.340  INFO 5140 --- [           main] ConditionEvaluationReportLoggingListener : 

Error starting ApplicationContext. To display the conditions report re-run your application with 'debug' enabled.
2018-11-19 02:50:02.340 ERROR 5140 --- [           main] o.s.boot.SpringApplication               : Application run failed

org.springframework.beans.factory.BeanCreationException: Error creating bean with name 'org.springframework.security.config.annotation.web.configuration.WebSecurityConfiguration': Injection of autowired dependencies failed; nested exception is java.lang.IllegalStateException: @Order on WebSecurityConfigurers must be unique. Order of 100 was already used on com.ibm.monitorservice.SecurityCredentialsConfig$SecuritySecureConfig$$EnhancerBySpringCGLIB$$8d39721@8527113a, so it cannot be used on com.ibm.monitorservice.SecurityCredentialsConfig$$EnhancerBySpringCGLIB$$486d8d28@22d0ac6 too.
	at org.springframework.beans.factory.annotation.AutowiredAnnotationBeanPostProcessor.postProcessPropertyValues(AutowiredAnnotationBeanPostProcessor.java:376) ~[spring-beans-5.0.10.RELEASE.jar:5.0.10.RELEASE]
	at org.springframework.beans.factory.support.AbstractAutowireCapableBeanFactory.populateBean(AbstractAutowireCapableBeanFactory.java:1336) ~[spring-beans-5.0.10.RELEASE.jar:5.0.10.RELEASE]
	at org.springframework.beans.factory.support.AbstractAutowireCapableBeanFactory.doCreateBean(AbstractAutowireCapableBeanFactory.java:572) ~[spring-beans-5.0.10.RELEASE.jar:5.0.10.RELEASE]
	at org.springframework.beans.factory.support.AbstractAutowireCapableBeanFactory.createBean(AbstractAutowireCapableBeanFactory.java:495) ~[spring-beans-5.0.10.RELEASE.jar:5.0.10.RELEASE]
	at org.springframework.beans.factory.support.AbstractBeanFactory.lambda$doGetBean$0(AbstractBeanFactory.java:317) ~[spring-beans-5.0.10.RELEASE.jar:5.0.10.RELEASE]
	at org.springframework.beans.factory.support.AbstractBeanFactory$$Lambda$119.0000000011C4BC40.getObject(Unknown Source) ~[na:na]
	at org.springframework.beans.factory.support.DefaultSingletonBeanRegistry.getSingleton(DefaultSingletonBeanRegistry.java:222) ~[spring-beans-5.0.10.RELEASE.jar:5.0.10.RELEASE]
	at org.springframework.beans.factory.support.AbstractBeanFactory.doGetBean(AbstractBeanFactory.java:315) ~[spring-beans-5.0.10.RELEASE.jar:5.0.10.RELEASE]
	at org.springframework.beans.factory.support.AbstractBeanFactory.getBean(AbstractBeanFactory.java:199) ~[spring-beans-5.0.10.RELEASE.jar:5.0.10.RELEASE]
	at org.springframework.beans.factory.support.DefaultListableBeanFactory.preInstantiateSingletons(DefaultListableBeanFactory.java:759) ~[spring-beans-5.0.10.RELEASE.jar:5.0.10.RELEASE]
	at org.springframework.context.support.AbstractApplicationContext.finishBeanFactoryInitialization(AbstractApplicationContext.java:867) ~[spring-context-5.0.10.RELEASE.jar:5.0.10.RELEASE]
	at org.springframework.context.support.AbstractApplicationContext.refresh(AbstractApplicationContext.java:548) ~[spring-context-5.0.10.RELEASE.jar:5.0.10.RELEASE]
	at org.springframework.boot.web.servlet.context.ServletWebServerApplicationContext.refresh(ServletWebServerApplicationContext.java:140) ~[spring-boot-2.0.6.RELEASE.jar:2.0.6.RELEASE]
	at org.springframework.boot.SpringApplication.refresh(SpringApplication.java:754) [spring-boot-2.0.6.RELEASE.jar:2.0.6.RELEASE]
	at org.springframework.boot.SpringApplication.refreshContext(SpringApplication.java:386) [spring-boot-2.0.6.RELEASE.jar:2.0.6.RELEASE]
	at org.springframework.boot.SpringApplication.run(SpringApplication.java:307) [spring-boot-2.0.6.RELEASE.jar:2.0.6.RELEASE]
	at org.springframework.boot.SpringApplication.run(SpringApplication.java:1242) [spring-boot-2.0.6.RELEASE.jar:2.0.6.RELEASE]
	at org.springframework.boot.SpringApplication.run(SpringApplication.java:1230) [spring-boot-2.0.6.RELEASE.jar:2.0.6.RELEASE]
	at com.ibm.monitorservice.MonitorServiceApplication.main(MonitorServiceApplication.java:15) [classes/:na]
Caused by: java.lang.IllegalStateException: @Order on WebSecurityConfigurers must be unique. Order of 100 was already used on com.ibm.monitorservice.SecurityCredentialsConfig$SecuritySecureConfig$$EnhancerBySpringCGLIB$$8d39721@8527113a, so it cannot be used on com.ibm.monitorservice.SecurityCredentialsConfig$$EnhancerBySpringCGLIB$$486d8d28@22d0ac6 too.
	at org.springframework.security.config.annotation.web.configuration.WebSecurityConfiguration.setFilterChainProxySecurityConfigurer(WebSecurityConfiguration.java:148) ~[spring-security-config-5.0.9.RELEASE.jar:5.0.9.RELEASE]
	at sun.reflect.NativeMethodAccessorImpl.invoke0(Native Method) ~[na:1.8.0-internal]
	at sun.reflect.NativeMethodAccessorImpl.invoke(NativeMethodAccessorImpl.java:95) ~[na:1.8.0-internal]
	at sun.reflect.DelegatingMethodAccessorImpl.invoke(DelegatingMethodAccessorImpl.java:55) ~[na:1.8.0-internal]
	at java.lang.reflect.Method.invoke(Method.java:507) ~[na:2.6 (06-30-2015)]
	at org.springframework.beans.factory.annotation.AutowiredAnnotationBeanPostProcessor$AutowiredMethodElement.inject(AutowiredAnnotationBeanPostProcessor.java:696) ~[spring-beans-5.0.10.RELEASE.jar:5.0.10.RELEASE]
	at org.springframework.beans.factory.annotation.InjectionMetadata.inject(InjectionMetadata.java:90) ~[spring-beans-5.0.10.RELEASE.jar:5.0.10.RELEASE]
	at org.springframework.beans.factory.annotation.AutowiredAnnotationBeanPostProcessor.postProcessPropertyValues(AutowiredAnnotationBeanPostProcessor.java:370) ~[spring-beans-5.0.10.RELEASE.jar:5.0.10.RELEASE]
	... 18 common frames omitted

2018-11-19 02:55:21.970  INFO 3444 --- [           main] c.i.m.MonitorServiceApplication          : Starting MonitorServiceApplication on sbandyo2 with PID 3444 (C:\Santanu\IBMCloudProjects\AribaMiddleWare\monitor-service\target\classes started by ibm in C:\Santanu\IBMCloudProjects\AribaMiddleWare\monitor-service)
2018-11-19 02:55:21.986  INFO 3444 --- [           main] c.i.m.MonitorServiceApplication          : The following profiles are active: secure
2018-11-19 02:55:22.110  INFO 3444 --- [           main] ConfigServletWebServerApplicationContext : Refreshing org.springframework.boot.web.servlet.context.AnnotationConfigServletWebServerApplicationContext@2f7524c0: startup date [Mon Nov 19 02:55:22 IST 2018]; root of context hierarchy
2018-11-19 02:55:26.385  INFO 3444 --- [           main] o.s.b.w.embedded.tomcat.TomcatWebServer  : Tomcat initialized with port(s): 9142 (http)
2018-11-19 02:55:26.416  INFO 3444 --- [           main] o.apache.catalina.core.StandardService   : Starting service [Tomcat]
2018-11-19 02:55:26.416  INFO 3444 --- [           main] org.apache.catalina.core.StandardEngine  : Starting Servlet Engine: Apache Tomcat/8.5.34
2018-11-19 02:55:26.478  INFO 3444 --- [ost-startStop-1] o.a.catalina.core.AprLifecycleListener   : The APR based Apache Tomcat Native library which allows optimal performance in production environments was not found on the java.library.path: [C:\Santanu\IBMInstallationOther\IBM\SDP\jdk\jre\bin\compressedrefs;C:\Santanu\IBMInstallationOther\IBM\SDP\jdk\jre\bin;C:\windows\system32;C:\windows;C:\ProgramData\Anaconda3;C:\ProgramData\Anaconda3\Library\mingw-w64\bin;C:\ProgramData\Anaconda3\Library\usr\bin;C:\ProgramData\Anaconda3\Library\bin;C:\ProgramData\Anaconda3\Scripts;C:\ProgramData\Oracle\Java\javapath;C:\windows\system32;C:\windows;C:\windows\System32\Wbem;C:\windows\System32\WindowsPowerShell\v1.0\;C:\Program Files (x86)\IBM\Personal Communications\;C:\Program Files (x86)\IBM\Trace Facility\;C:\Program Files (x86)\IBM\Mobility Client\;C:\Cygwin\bin;C:\Santanu\HadoopDevolopmentKit\jdk1.8.0_111\bin;C:\Program Files\PuTTY\;C:\Program Files\Microsoft VS Code\bin;C:\Program Files\IBM\Cloud\bin;%JAVA_HOM%\bin;C:\ProgramData\chocolatey\bin;C:\Santanu\Git\cmd;C:\Santanu\IBMInstallation\NodeJS;C:\Program Files\IBM\node;.]
2018-11-19 02:55:26.759  INFO 3444 --- [ost-startStop-1] o.a.c.c.C.[Tomcat].[localhost].[/]       : Initializing Spring embedded WebApplicationContext
2018-11-19 02:55:26.759  INFO 3444 --- [ost-startStop-1] o.s.web.context.ContextLoader            : Root WebApplicationContext: initialization completed in 4649 ms
2018-11-19 02:55:26.993  WARN 3444 --- [ost-startStop-1] i.m.c.i.binder.jvm.JvmGcMetrics          : GC notifications will not be available because com.sun.management.GarbageCollectionNotificationInfo is not present
2018-11-19 02:55:28.522  INFO 3444 --- [ost-startStop-1] o.s.b.w.servlet.FilterRegistrationBean   : Mapping filter: 'characterEncodingFilter' to: [/*]
2018-11-19 02:55:28.522  INFO 3444 --- [ost-startStop-1] o.s.b.w.servlet.FilterRegistrationBean   : Mapping filter: 'webMvcMetricsFilter' to: [/*]
2018-11-19 02:55:28.522  INFO 3444 --- [ost-startStop-1] o.s.b.w.servlet.FilterRegistrationBean   : Mapping filter: 'hiddenHttpMethodFilter' to: [/*]
2018-11-19 02:55:28.522  INFO 3444 --- [ost-startStop-1] o.s.b.w.servlet.FilterRegistrationBean   : Mapping filter: 'httpPutFormContentFilter' to: [/*]
2018-11-19 02:55:28.522  INFO 3444 --- [ost-startStop-1] o.s.b.w.servlet.FilterRegistrationBean   : Mapping filter: 'requestContextFilter' to: [/*]
2018-11-19 02:55:28.522  INFO 3444 --- [ost-startStop-1] .s.DelegatingFilterProxyRegistrationBean : Mapping filter: 'springSecurityFilterChain' to: [/*]
2018-11-19 02:55:28.522  INFO 3444 --- [ost-startStop-1] o.s.b.w.servlet.FilterRegistrationBean   : Mapping filter: 'httpTraceFilter' to: [/*]
2018-11-19 02:55:28.522  INFO 3444 --- [ost-startStop-1] o.s.b.w.servlet.ServletRegistrationBean  : Servlet dispatcherServlet mapped to [/]
2018-11-19 02:55:30.020  INFO 3444 --- [           main] o.s.w.s.handler.SimpleUrlHandlerMapping  : Mapped URL path [/**/favicon.ico] onto handler of type [class org.springframework.web.servlet.resource.ResourceHttpRequestHandler]
2018-11-19 02:55:30.160  INFO 3444 --- [           main] o.s.s.concurrent.ThreadPoolTaskExecutor  : Initializing ExecutorService 'webMvcAsyncTaskExecutor'
2018-11-19 02:55:30.191  INFO 3444 --- [           main] s.w.s.m.m.a.RequestMappingHandlerAdapter : Looking for @ControllerAdvice: org.springframework.boot.web.servlet.context.AnnotationConfigServletWebServerApplicationContext@2f7524c0: startup date [Mon Nov 19 02:55:22 IST 2018]; root of context hierarchy
2018-11-19 02:55:30.316  INFO 3444 --- [           main] s.w.s.m.m.a.RequestMappingHandlerMapping : Mapped "{[/error],produces=[text/html]}" onto public org.springframework.web.servlet.ModelAndView org.springframework.boot.autoconfigure.web.servlet.error.BasicErrorController.errorHtml(javax.servlet.http.HttpServletRequest,javax.servlet.http.HttpServletResponse)
2018-11-19 02:55:30.332  INFO 3444 --- [           main] s.w.s.m.m.a.RequestMappingHandlerMapping : Mapped "{[/error]}" onto public org.springframework.http.ResponseEntity<java.util.Map<java.lang.String, java.lang.Object>> org.springframework.boot.autoconfigure.web.servlet.error.BasicErrorController.error(javax.servlet.http.HttpServletRequest)
2018-11-19 02:55:30.363  INFO 3444 --- [           main] o.s.w.s.handler.SimpleUrlHandlerMapping  : Mapped URL path [/webjars/**] onto handler of type [class org.springframework.web.servlet.resource.ResourceHttpRequestHandler]
2018-11-19 02:55:30.363  INFO 3444 --- [           main] o.s.w.s.handler.SimpleUrlHandlerMapping  : Mapped URL path [/**] onto handler of type [class org.springframework.web.servlet.resource.ResourceHttpRequestHandler]
2018-11-19 02:55:30.472  WARN 3444 --- [           main] ion$DefaultTemplateResolverConfiguration : Cannot find template location: classpath:/templates/ (please add some templates or check your Thymeleaf configuration)
2018-11-19 02:55:30.862  INFO 3444 --- [           main] o.s.s.c.ThreadPoolTaskScheduler          : Initializing ExecutorService
2018-11-19 02:55:31.720  WARN 3444 --- [           main] reactor.ipc.netty.tcp.TcpResources       : [http] resources will use the default LoopResources: DefaultLoopResources {prefix=reactor-http, daemon=true, selectCount=4, workerCount=4}
2018-11-19 02:55:31.720  WARN 3444 --- [           main] reactor.ipc.netty.tcp.TcpResources       : [http] resources will use the default PoolResources: DefaultPoolResources {name=http, provider=reactor.ipc.netty.resources.PoolResources$$Lambda$545/0000000013C89810@7aeed793}
2018-11-19 02:55:31.876  INFO 3444 --- [           main] .b.a.s.w.s.AdminControllerHandlerMapping : Mapped "{[/instances/{instanceId}/actuator/**],methods=[GET || HEAD || POST || PUT || PATCH || DELETE || OPTIONS]}" onto public reactor.core.publisher.Mono<java.lang.Void> de.codecentric.boot.admin.server.web.servlet.InstancesProxyController.endpointProxy(java.lang.String,javax.servlet.http.HttpServletRequest,javax.servlet.http.HttpServletResponse) throws java.io.IOException
2018-11-19 02:55:31.892  INFO 3444 --- [           main] .b.a.s.w.s.AdminControllerHandlerMapping : Mapped "{[/instances],methods=[POST],consumes=[application/json]}" onto public reactor.core.publisher.Mono<org.springframework.http.ResponseEntity<java.util.Map<java.lang.String, de.codecentric.boot.admin.server.domain.values.InstanceId>>> de.codecentric.boot.admin.server.web.InstancesController.register(de.codecentric.boot.admin.server.domain.values.Registration,org.springframework.web.util.UriComponentsBuilder)
2018-11-19 02:55:31.892  INFO 3444 --- [           main] .b.a.s.w.s.AdminControllerHandlerMapping : Mapped "{[/instances],methods=[GET],produces=[application/json]}" onto public reactor.core.publisher.Flux<de.codecentric.boot.admin.server.domain.entities.Instance> de.codecentric.boot.admin.server.web.InstancesController.instances(java.lang.String)
2018-11-19 02:55:31.892  INFO 3444 --- [           main] .b.a.s.w.s.AdminControllerHandlerMapping : Mapped "{[/instances/{id}],methods=[GET],produces=[application/json]}" onto public reactor.core.publisher.Mono<org.springframework.http.ResponseEntity<de.codecentric.boot.admin.server.domain.entities.Instance>> de.codecentric.boot.admin.server.web.InstancesController.instance(java.lang.String)
2018-11-19 02:55:31.892  INFO 3444 --- [           main] .b.a.s.w.s.AdminControllerHandlerMapping : Mapped "{[/instances/{id}],methods=[DELETE]}" onto public reactor.core.publisher.Mono<org.springframework.http.ResponseEntity<java.lang.Void>> de.codecentric.boot.admin.server.web.InstancesController.unregister(java.lang.String)
2018-11-19 02:55:31.892  INFO 3444 --- [           main] .b.a.s.w.s.AdminControllerHandlerMapping : Mapped "{[/instances/events],methods=[GET],produces=[application/json]}" onto public reactor.core.publisher.Flux<de.codecentric.boot.admin.server.domain.events.InstanceEvent> de.codecentric.boot.admin.server.web.InstancesController.events()
2018-11-19 02:55:31.892  INFO 3444 --- [           main] .b.a.s.w.s.AdminControllerHandlerMapping : Mapped "{[/instances/events],methods=[GET],produces=[text/event-stream]}" onto public reactor.core.publisher.Flux<org.springframework.http.codec.ServerSentEvent<de.codecentric.boot.admin.server.domain.events.InstanceEvent>> de.codecentric.boot.admin.server.web.InstancesController.eventStream()
2018-11-19 02:55:31.892  INFO 3444 --- [           main] .b.a.s.w.s.AdminControllerHandlerMapping : Mapped "{[/instances/{id}],methods=[GET],produces=[text/event-stream]}" onto public reactor.core.publisher.Flux<org.springframework.http.codec.ServerSentEvent<de.codecentric.boot.admin.server.domain.entities.Instance>> de.codecentric.boot.admin.server.web.InstancesController.instanceStream(java.lang.String)
2018-11-19 02:55:31.907  INFO 3444 --- [           main] .b.a.s.w.s.AdminControllerHandlerMapping : Mapped "{[/applications],methods=[GET],produces=[application/json]}" onto public reactor.core.publisher.Flux<de.codecentric.boot.admin.server.web.ApplicationsController$Application> de.codecentric.boot.admin.server.web.ApplicationsController.applications()
2018-11-19 02:55:31.907  INFO 3444 --- [           main] .b.a.s.w.s.AdminControllerHandlerMapping : Mapped "{[/applications/{name}],methods=[GET],produces=[application/json]}" onto public reactor.core.publisher.Mono<org.springframework.http.ResponseEntity<de.codecentric.boot.admin.server.web.ApplicationsController$Application>> de.codecentric.boot.admin.server.web.ApplicationsController.application(java.lang.String)
2018-11-19 02:55:31.907  INFO 3444 --- [           main] .b.a.s.w.s.AdminControllerHandlerMapping : Mapped "{[/applications],methods=[GET],produces=[text/event-stream]}" onto public reactor.core.publisher.Flux<org.springframework.http.codec.ServerSentEvent<de.codecentric.boot.admin.server.web.ApplicationsController$Application>> de.codecentric.boot.admin.server.web.ApplicationsController.applicationsStream()
2018-11-19 02:55:31.907  INFO 3444 --- [           main] .b.a.s.w.s.AdminControllerHandlerMapping : Mapped "{[/applications/{name}],methods=[DELETE]}" onto public reactor.core.publisher.Mono<org.springframework.http.ResponseEntity<java.lang.Void>> de.codecentric.boot.admin.server.web.ApplicationsController.unregister(java.lang.String)
2018-11-19 02:55:31.907  INFO 3444 --- [           main] .b.a.s.w.s.AdminControllerHandlerMapping : Mapped "{[/notifications/filters],methods=[GET],produces=[application/json]}" onto public java.util.Collection<de.codecentric.boot.admin.server.notify.filter.NotificationFilter> de.codecentric.boot.admin.server.notify.filter.web.NotificationFilterController.getFilters()
2018-11-19 02:55:31.907  INFO 3444 --- [           main] .b.a.s.w.s.AdminControllerHandlerMapping : Mapped "{[/notifications/filters],methods=[POST],produces=[application/json]}" onto public org.springframework.http.ResponseEntity<?> de.codecentric.boot.admin.server.notify.filter.web.NotificationFilterController.addFilter(java.lang.String,java.lang.String,java.lang.Long)
2018-11-19 02:55:31.907  INFO 3444 --- [           main] .b.a.s.w.s.AdminControllerHandlerMapping : Mapped "{[/notifications/filters/{id}],methods=[DELETE]}" onto public org.springframework.http.ResponseEntity<?> de.codecentric.boot.admin.server.notify.filter.web.NotificationFilterController.deleteFilter(java.lang.String)
2018-11-19 02:55:31.907  INFO 3444 --- [           main] .b.a.s.w.s.AdminControllerHandlerMapping : Mapped "{[/],methods=[GET],produces=[text/html]}" onto public java.lang.String de.codecentric.boot.admin.server.ui.web.UiController.index()
2018-11-19 02:55:31.907  INFO 3444 --- [           main] .b.a.s.w.s.AdminControllerHandlerMapping : Mapped "{[/login],methods=[GET],produces=[text/html]}" onto public java.lang.String de.codecentric.boot.admin.server.ui.web.UiController.login()
2018-11-19 02:55:32.048  INFO 3444 --- [           main] b.a.s.u.c.AdminServerUiAutoConfiguration : Loaded Spring Boot Admin UI Extension: UiExtension(resourcePath=custom/css/custom.684076aa.css, resourceLocation=classpath:/META-INF/spring-boot-admin-server-ui/extensions/custom/css/custom.684076aa.css)
2018-11-19 02:55:32.048  INFO 3444 --- [           main] b.a.s.u.c.AdminServerUiAutoConfiguration : Loaded Spring Boot Admin UI Extension: UiExtension(resourcePath=custom/js/custom.611246fe.js, resourceLocation=classpath:/META-INF/spring-boot-admin-server-ui/extensions/custom/js/custom.611246fe.js)
2018-11-19 02:55:32.406  WARN 3444 --- [           main] ConfigServletWebServerApplicationContext : Exception encountered during context initialization - cancelling refresh attempt: org.springframework.beans.factory.BeanCreationException: Error creating bean with name 'org.springframework.security.config.annotation.web.configuration.WebSecurityConfiguration': Injection of autowired dependencies failed; nested exception is java.lang.IllegalStateException: @Order on WebSecurityConfigurers must be unique. Order of 100 was already used on com.ibm.monitorservice.MonitorServiceApplication$SecuritySecureConfig$$EnhancerBySpringCGLIB$$492242fa@2d1aaa86, so it cannot be used on com.ibm.monitorservice.SecurityCredentialsConfig$SecuritySecureConfig$$EnhancerBySpringCGLIB$$1a8caed1@3481f6bd too.
2018-11-19 02:55:32.406  INFO 3444 --- [           main] o.s.j.e.a.AnnotationMBeanExporter        : Unregistering JMX-exposed beans on shutdown
2018-11-19 02:55:32.406  INFO 3444 --- [           main] o.s.s.c.ThreadPoolTaskScheduler          : Shutting down ExecutorService
2018-11-19 02:55:32.406  INFO 3444 --- [           main] o.s.s.concurrent.ThreadPoolTaskExecutor  : Shutting down ExecutorService 'webMvcAsyncTaskExecutor'
2018-11-19 02:55:32.422  INFO 3444 --- [           main] o.apache.catalina.core.StandardService   : Stopping service [Tomcat]
2018-11-19 02:55:32.469  INFO 3444 --- [           main] ConditionEvaluationReportLoggingListener : 

Error starting ApplicationContext. To display the conditions report re-run your application with 'debug' enabled.
2018-11-19 02:55:32.484 ERROR 3444 --- [           main] o.s.boot.SpringApplication               : Application run failed

org.springframework.beans.factory.BeanCreationException: Error creating bean with name 'org.springframework.security.config.annotation.web.configuration.WebSecurityConfiguration': Injection of autowired dependencies failed; nested exception is java.lang.IllegalStateException: @Order on WebSecurityConfigurers must be unique. Order of 100 was already used on com.ibm.monitorservice.MonitorServiceApplication$SecuritySecureConfig$$EnhancerBySpringCGLIB$$492242fa@2d1aaa86, so it cannot be used on com.ibm.monitorservice.SecurityCredentialsConfig$SecuritySecureConfig$$EnhancerBySpringCGLIB$$1a8caed1@3481f6bd too.
	at org.springframework.beans.factory.annotation.AutowiredAnnotationBeanPostProcessor.postProcessPropertyValues(AutowiredAnnotationBeanPostProcessor.java:376) ~[spring-beans-5.0.10.RELEASE.jar:5.0.10.RELEASE]
	at org.springframework.beans.factory.support.AbstractAutowireCapableBeanFactory.populateBean(AbstractAutowireCapableBeanFactory.java:1336) ~[spring-beans-5.0.10.RELEASE.jar:5.0.10.RELEASE]
	at org.springframework.beans.factory.support.AbstractAutowireCapableBeanFactory.doCreateBean(AbstractAutowireCapableBeanFactory.java:572) ~[spring-beans-5.0.10.RELEASE.jar:5.0.10.RELEASE]
	at org.springframework.beans.factory.support.AbstractAutowireCapableBeanFactory.createBean(AbstractAutowireCapableBeanFactory.java:495) ~[spring-beans-5.0.10.RELEASE.jar:5.0.10.RELEASE]
	at org.springframework.beans.factory.support.AbstractBeanFactory.lambda$doGetBean$0(AbstractBeanFactory.java:317) ~[spring-beans-5.0.10.RELEASE.jar:5.0.10.RELEASE]
	at org.springframework.beans.factory.support.AbstractBeanFactory$$Lambda$139.00000000119CE420.getObject(Unknown Source) ~[na:na]
	at org.springframework.beans.factory.support.DefaultSingletonBeanRegistry.getSingleton(DefaultSingletonBeanRegistry.java:222) ~[spring-beans-5.0.10.RELEASE.jar:5.0.10.RELEASE]
	at org.springframework.beans.factory.support.AbstractBeanFactory.doGetBean(AbstractBeanFactory.java:315) ~[spring-beans-5.0.10.RELEASE.jar:5.0.10.RELEASE]
	at org.springframework.beans.factory.support.AbstractBeanFactory.getBean(AbstractBeanFactory.java:199) ~[spring-beans-5.0.10.RELEASE.jar:5.0.10.RELEASE]
	at org.springframework.beans.factory.support.DefaultListableBeanFactory.preInstantiateSingletons(DefaultListableBeanFactory.java:759) ~[spring-beans-5.0.10.RELEASE.jar:5.0.10.RELEASE]
	at org.springframework.context.support.AbstractApplicationContext.finishBeanFactoryInitialization(AbstractApplicationContext.java:867) ~[spring-context-5.0.10.RELEASE.jar:5.0.10.RELEASE]
	at org.springframework.context.support.AbstractApplicationContext.refresh(AbstractApplicationContext.java:548) ~[spring-context-5.0.10.RELEASE.jar:5.0.10.RELEASE]
	at org.springframework.boot.web.servlet.context.ServletWebServerApplicationContext.refresh(ServletWebServerApplicationContext.java:140) ~[spring-boot-2.0.6.RELEASE.jar:2.0.6.RELEASE]
	at org.springframework.boot.SpringApplication.refresh(SpringApplication.java:754) [spring-boot-2.0.6.RELEASE.jar:2.0.6.RELEASE]
	at org.springframework.boot.SpringApplication.refreshContext(SpringApplication.java:386) [spring-boot-2.0.6.RELEASE.jar:2.0.6.RELEASE]
	at org.springframework.boot.SpringApplication.run(SpringApplication.java:307) [spring-boot-2.0.6.RELEASE.jar:2.0.6.RELEASE]
	at org.springframework.boot.SpringApplication.run(SpringApplication.java:1242) [spring-boot-2.0.6.RELEASE.jar:2.0.6.RELEASE]
	at org.springframework.boot.SpringApplication.run(SpringApplication.java:1230) [spring-boot-2.0.6.RELEASE.jar:2.0.6.RELEASE]
	at com.ibm.monitorservice.MonitorServiceApplication.main(MonitorServiceApplication.java:41) [classes/:na]
Caused by: java.lang.IllegalStateException: @Order on WebSecurityConfigurers must be unique. Order of 100 was already used on com.ibm.monitorservice.MonitorServiceApplication$SecuritySecureConfig$$EnhancerBySpringCGLIB$$492242fa@2d1aaa86, so it cannot be used on com.ibm.monitorservice.SecurityCredentialsConfig$SecuritySecureConfig$$EnhancerBySpringCGLIB$$1a8caed1@3481f6bd too.
	at org.springframework.security.config.annotation.web.configuration.WebSecurityConfiguration.setFilterChainProxySecurityConfigurer(WebSecurityConfiguration.java:148) ~[spring-security-config-5.0.9.RELEASE.jar:5.0.9.RELEASE]
	at sun.reflect.NativeMethodAccessorImpl.invoke0(Native Method) ~[na:1.8.0-internal]
	at sun.reflect.NativeMethodAccessorImpl.invoke(NativeMethodAccessorImpl.java:95) ~[na:1.8.0-internal]
	at sun.reflect.DelegatingMethodAccessorImpl.invoke(DelegatingMethodAccessorImpl.java:55) ~[na:1.8.0-internal]
	at java.lang.reflect.Method.invoke(Method.java:507) ~[na:2.6 (06-30-2015)]
	at org.springframework.beans.factory.annotation.AutowiredAnnotationBeanPostProcessor$AutowiredMethodElement.inject(AutowiredAnnotationBeanPostProcessor.java:696) ~[spring-beans-5.0.10.RELEASE.jar:5.0.10.RELEASE]
	at org.springframework.beans.factory.annotation.InjectionMetadata.inject(InjectionMetadata.java:90) ~[spring-beans-5.0.10.RELEASE.jar:5.0.10.RELEASE]
	at org.springframework.beans.factory.annotation.AutowiredAnnotationBeanPostProcessor.postProcessPropertyValues(AutowiredAnnotationBeanPostProcessor.java:370) ~[spring-beans-5.0.10.RELEASE.jar:5.0.10.RELEASE]
	... 18 common frames omitted

